<?xml version="1.0" encoding="UTF-8"?>
<!-- Generated by org.testng.reporters.JUnitReportReporter -->
<testsuite hostname="Lenovo-PC" name="com.qa.tests.GetTest" tests="1" failures="0" timestamp="21 Apr 2018 07:38:19 GMT" time="2.160" errors="0">
  <testcase name="GetTestWithHeader" time="2.160" classname="com.qa.tests.GetTest"/>
</testsuite> <!-- com.qa.tests.GetTest -->
