<?xml version="1.0" encoding="UTF-8"?>
<!-- Generated by org.testng.reporters.JUnitReportReporter -->
<testsuite hostname="Lenovo-PC" name="com.qa.tests.PostAPITest" tests="1" failures="0" timestamp="21 Apr 2018 12:20:40 GMT" time="2.544" errors="0">
  <testcase name="postAPITest" time="2.544" classname="com.qa.tests.PostAPITest"/>
</testsuite> <!-- com.qa.tests.PostAPITest -->
